<?xml version="1.0" encoding="UTF-8"?>
<testng-results ignored="0" total="1" passed="1" failed="0" skipped="0">
  <reporter-output>
  </reporter-output>
  <suite started-at="2022-10-26T19:03:48 BDT" name="Default suite" finished-at="2022-10-26T19:04:34 BDT" duration-ms="46321">
    <groups>
    </groups>
    <test started-at="2022-10-26T19:03:48 BDT" name="Default test" finished-at="2022-10-26T19:04:34 BDT" duration-ms="46321">
      <class name="amarr.loginpagetests.LoginPageTests">
        <test-method is-config="true" signature="beforeTestMethods()[pri:0, instance:amarr.loginpagetests.LoginPageTests@5656be13]" started-at="2022-10-26T19:03:48 BDT" name="beforeTestMethods" finished-at="2022-10-26T19:03:48 BDT" duration-ms="150" status="PASS">
          <reporter-output>
          </reporter-output>
        </test-method> <!-- beforeTestMethods -->
        <test-method is-config="true" signature="beforeMethodsMethod(java.lang.String,java.lang.reflect.Method)[pri:0, instance:amarr.loginpagetests.LoginPageTests@5656be13]" started-at="2022-10-26T19:03:48 BDT" name="beforeMethodsMethod" finished-at="2022-10-26T19:04:25 BDT" duration-ms="37256" status="PASS">
          <params>
            <param index="0">
              <value is-null="true"/>
            </param>
            <param index="1">
              <value>
                <![CDATA[public void amarr.loginpagetests.LoginPageTests.tc_3()]]>
              </value>
            </param>
          </params>
          <reporter-output>
          </reporter-output>
        </test-method> <!-- beforeMethodsMethod -->
        <test-method signature="tc_3()[pri:0, instance:amarr.loginpagetests.LoginPageTests@5656be13]" started-at="2022-10-26T19:04:25 BDT" name="tc_3" finished-at="2022-10-26T19:04:34 BDT" duration-ms="8609" status="PASS">
          <reporter-output>
          </reporter-output>
        </test-method> <!-- tc_3 -->
        <test-method is-config="true" signature="afterMethodsMethod(org.testng.ITestResult)[pri:0, instance:amarr.loginpagetests.LoginPageTests@5656be13]" started-at="2022-10-26T19:04:34 BDT" name="afterMethodsMethod" finished-at="2022-10-26T19:04:34 BDT" duration-ms="107" status="PASS">
          <params>
            <param index="0">
              <value>
                <![CDATA[[TestResult name=tc_3 status=SUCCESS method=LoginPageTests.tc_3()[pri:0, instance:amarr.loginpagetests.LoginPageTests@5656be13] output={null}]]]>
              </value>
            </param>
          </params>
          <reporter-output>
          </reporter-output>
        </test-method> <!-- afterMethodsMethod -->
        <test-method is-config="true" signature="afterTestMethod()[pri:0, instance:amarr.loginpagetests.LoginPageTests@5656be13]" started-at="2022-10-26T19:04:34 BDT" name="afterTestMethod" finished-at="2022-10-26T19:04:34 BDT" duration-ms="175" status="PASS">
          <reporter-output>
          </reporter-output>
        </test-method> <!-- afterTestMethod -->
      </class> <!-- amarr.loginpagetests.LoginPageTests -->
    </test> <!-- Default test -->
  </suite> <!-- Default suite -->
</testng-results>
